[2025-12-10 01:09:49,436 : INFO  : main : logger is working perfectly...]
[2025-12-11 00:12:43,503 : ERROR  : 4040370296 : Config file not found at: /src/datascience/config/config.yaml]
[2025-12-11 00:12:43,511 : INFO  : 4040370296 : Current working directory: /]
[2025-12-11 00:22:29,598 : INFO  : common : yaml file: /Users/adarshkumar/Projects/Datasci/DataScience_project/config/config.yaml loaded successfully]
[2025-12-11 00:24:23,094 : INFO  : common : yaml file: /Users/adarshkumar/Projects/Datasci/DataScience_project/config/config.yaml loaded successfully]
[2025-12-11 00:27:09,423 : INFO  : common : yaml file: config/config.yaml loaded successfully]
[2025-12-11 00:27:09,425 : INFO  : common : yaml file: params.yaml loaded successfully]
[2025-12-11 00:27:09,426 : INFO  : common : yaml file: schema.yaml loaded successfully]
[2025-12-11 00:27:09,427 : INFO  : common : created directory at: artifacts]
[2025-12-11 00:27:09,427 : INFO  : common : created directory at: artifacts/data_ingestion]
[2025-12-11 00:29:07,180 : INFO  : common : yaml file: config/config.yaml loaded successfully]
[2025-12-11 00:29:07,181 : INFO  : common : yaml file: params.yaml loaded successfully]
[2025-12-11 00:29:07,182 : INFO  : common : yaml file: schema.yaml loaded successfully]
[2025-12-11 00:29:07,182 : INFO  : common : created directory at: artifacts]
[2025-12-11 00:29:07,183 : INFO  : common : created directory at: artifacts/data_ingestion]
[2025-12-11 00:32:55,416 : INFO  : common : yaml file: config/config.yaml loaded successfully]
[2025-12-11 00:32:55,418 : INFO  : common : yaml file: params.yaml loaded successfully]
[2025-12-11 00:32:55,419 : INFO  : common : yaml file: schema.yaml loaded successfully]
[2025-12-11 00:32:55,420 : INFO  : common : created directory at: artifacts]
[2025-12-11 00:32:55,420 : INFO  : common : created directory at: artifacts/data_ingestion]
[2025-12-11 00:49:52,208 : INFO  : common : yaml file: config/config.yaml loaded successfully]
[2025-12-11 00:49:52,211 : INFO  : common : yaml file: params.yaml loaded successfully]
[2025-12-11 00:49:52,212 : INFO  : common : yaml file: schema.yaml loaded successfully]
[2025-12-11 00:49:52,213 : INFO  : common : created directory at: artifacts]
[2025-12-11 00:49:52,214 : INFO  : common : created directory at: artifacts/data_ingestion]
[2025-12-11 00:49:52,216 : INFO  : 2856810451 : File already exists of path: artifacts/data_ingestion/data.zip]
[2025-12-11 00:53:11,237 : INFO  : common : yaml file: config/config.yaml loaded successfully]
[2025-12-11 00:53:11,240 : INFO  : common : yaml file: params.yaml loaded successfully]
[2025-12-11 00:53:11,241 : INFO  : common : yaml file: schema.yaml loaded successfully]
[2025-12-11 00:53:11,242 : INFO  : common : created directory at: artifacts]
[2025-12-11 00:53:11,244 : INFO  : common : created directory at: artifacts/data_ingestion]
[2025-12-11 00:53:11,245 : INFO  : 2856810451 : File already exists of path: artifacts/data_ingestion/data.zip]
[2025-12-11 00:53:19,573 : INFO  : common : yaml file: config/config.yaml loaded successfully]
[2025-12-11 00:53:19,574 : INFO  : common : yaml file: params.yaml loaded successfully]
[2025-12-11 00:53:19,575 : INFO  : common : yaml file: schema.yaml loaded successfully]
[2025-12-11 00:53:19,575 : INFO  : common : created directory at: artifacts]
[2025-12-11 00:53:19,577 : INFO  : common : created directory at: artifacts/data_ingestion]
[2025-12-11 00:53:19,579 : INFO  : 2856810451 : File already exists of path: artifacts/data_ingestion/data.zip]
[2025-12-11 00:56:43,231 : INFO  : common : yaml file: config/config.yaml loaded successfully]
[2025-12-11 00:56:43,233 : INFO  : common : yaml file: params.yaml loaded successfully]
[2025-12-11 00:56:43,234 : INFO  : common : yaml file: schema.yaml loaded successfully]
[2025-12-11 00:56:43,236 : INFO  : common : created directory at: artifacts]
[2025-12-11 00:56:43,237 : INFO  : common : created directory at: artifacts/data_ingestion]
[2025-12-11 00:56:44,355 : INFO  : 2856810451 : artifacts/data_ingestion/data.zip downloaded with following info: 
Connection: close
Content-Length: 23329
Cache-Control: max-age=300
Content-Security-Policy: default-src 'none'; style-src 'unsafe-inline'; sandbox
Content-Type: application/zip
ETag: "c69888a4ae59bc5a893392785a938ccd4937981c06ba8a9d6a21aa52b4ab5b6e"
Strict-Transport-Security: max-age=31536000
X-Content-Type-Options: nosniff
X-Frame-Options: deny
X-XSS-Protection: 1; mode=block
X-GitHub-Request-Id: 8D97:A0972:EE7BD:1BB263:6939C970
Accept-Ranges: bytes
Date: Wed, 10 Dec 2025 19:26:44 GMT
Via: 1.1 varnish
X-Served-By: cache-ccu830054-CCU
X-Cache: MISS
X-Cache-Hits: 0
X-Timer: S1765394804.086293,VS0,VE284
Vary: Authorization,Accept-Encoding
Access-Control-Allow-Origin: *
Cross-Origin-Resource-Policy: cross-origin
X-Fastly-Request-ID: e0934debbf7e433e7b33e11d5fe5e6f12841a2bb
Expires: Wed, 10 Dec 2025 19:31:44 GMT
Source-Age: 0

]
[2025-12-11 00:56:44,360 : INFO  : 2856810451 : File extracted at : artifacts/data_ingestion/unziped_data]
[2025-12-11 01:13:22,942 : INFO  : common : yaml file: config/config.yaml loaded successfully]
[2025-12-11 01:13:22,949 : INFO  : common : yaml file: params.yaml loaded successfully]
[2025-12-11 01:13:22,950 : INFO  : common : yaml file: schema.yaml loaded successfully]
[2025-12-11 01:13:22,952 : INFO  : common : created directory at: artifacts]
[2025-12-11 01:13:22,955 : INFO  : common : created directory at: artifacts/data_ingestion]
[2025-12-11 01:13:22,956 : INFO  : 2856810451 : File already exists of path: artifacts/data_ingestion/data.zip]
[2025-12-11 01:13:22,958 : INFO  : 2856810451 : File extracted at : artifacts/data_ingestion/unziped_data]
[2025-12-11 01:32:11,384 : INFO  : main : >>>>>> Stage Data Ingestion Stage started <<<<<<]
[2025-12-11 01:32:11,385 : INFO  : common : yaml file: config/config.yaml loaded successfully]
[2025-12-11 01:32:11,387 : INFO  : common : yaml file: params.yaml loaded successfully]
[2025-12-11 01:32:11,387 : INFO  : common : yaml file: schema.yaml loaded successfully]
[2025-12-11 01:32:11,387 : INFO  : common : created directory at: artifacts]
[2025-12-11 01:32:11,387 : INFO  : common : created directory at: artifacts/data_ingestion]
[2025-12-11 01:32:11,387 : INFO  : data_ingestion : File already exists of path: artifacts/data_ingestion/data.zip]
[2025-12-11 01:32:11,389 : INFO  : data_ingestion : File extracted at : artifacts/data_ingestion/unziped_data]
[2025-12-11 01:32:11,389 : INFO  : main : >>>>>> Stage Data Ingestion Stage completed <<<<<<

]
[2025-12-15 22:34:06,214 : INFO  : common : yaml file: config/config.yaml loaded successfully]
[2025-12-15 22:34:06,220 : INFO  : common : yaml file: params.yaml loaded successfully]
[2025-12-15 22:34:06,222 : INFO  : common : yaml file: schema.yaml loaded successfully]
[2025-12-15 22:34:06,224 : INFO  : common : created directory at: artifacts]
[2025-12-15 22:35:45,524 : INFO  : common : yaml file: config/config.yaml loaded successfully]
[2025-12-15 22:35:45,526 : INFO  : common : yaml file: params.yaml loaded successfully]
[2025-12-15 22:35:45,528 : INFO  : common : yaml file: schema.yaml loaded successfully]
[2025-12-15 22:35:45,529 : INFO  : common : created directory at: artifacts]
[2025-12-15 22:35:45,530 : INFO  : common : created directory at: artifacts/data_validation]
[2025-12-15 22:36:07,511 : INFO  : common : yaml file: config/config.yaml loaded successfully]
[2025-12-15 22:36:07,513 : INFO  : common : yaml file: params.yaml loaded successfully]
[2025-12-15 22:36:07,515 : INFO  : common : yaml file: schema.yaml loaded successfully]
[2025-12-15 22:36:07,517 : INFO  : common : created directory at: artifacts]
[2025-12-15 22:36:07,519 : INFO  : common : created directory at: artifacts/data_validation]
[2025-12-15 22:38:30,642 : INFO  : common : yaml file: config/config.yaml loaded successfully]
[2025-12-15 22:38:30,645 : INFO  : common : yaml file: params.yaml loaded successfully]
[2025-12-15 22:38:30,648 : INFO  : common : yaml file: schema.yaml loaded successfully]
[2025-12-15 22:38:30,649 : INFO  : common : created directory at: artifacts]
[2025-12-15 22:38:30,650 : INFO  : common : created directory at: artifacts/data_validation]
[2025-12-15 22:38:34,516 : INFO  : common : yaml file: config/config.yaml loaded successfully]
[2025-12-15 22:38:34,517 : INFO  : common : yaml file: params.yaml loaded successfully]
[2025-12-15 22:38:34,520 : INFO  : common : yaml file: schema.yaml loaded successfully]
[2025-12-15 22:38:34,520 : INFO  : common : created directory at: artifacts]
[2025-12-15 22:38:34,521 : INFO  : common : created directory at: artifacts/data_validation]
[2025-12-15 22:40:32,762 : INFO  : common : yaml file: config/config.yaml loaded successfully]
[2025-12-15 22:40:32,766 : INFO  : common : yaml file: params.yaml loaded successfully]
[2025-12-15 22:40:32,769 : INFO  : common : yaml file: schema.yaml loaded successfully]
[2025-12-15 22:40:32,770 : INFO  : common : created directory at: artifacts]
[2025-12-15 22:40:32,771 : INFO  : common : created directory at: artifacts/data_validation]
[2025-12-15 23:09:45,750 : INFO  : main : >>>>>> Stage Data Ingestion Stage started <<<<<<]
[2025-12-15 23:09:45,751 : INFO  : common : yaml file: config/config.yaml loaded successfully]
[2025-12-15 23:09:45,752 : INFO  : common : yaml file: params.yaml loaded successfully]
[2025-12-15 23:09:45,753 : INFO  : common : yaml file: schema.yaml loaded successfully]
[2025-12-15 23:09:45,754 : INFO  : common : created directory at: artifacts]
[2025-12-15 23:09:45,754 : INFO  : common : created directory at: artifacts/data_ingestion]
[2025-12-15 23:09:45,754 : INFO  : data_ingestion : File already exists of path: artifacts/data_ingestion/data.zip]
[2025-12-15 23:09:45,756 : INFO  : data_ingestion : File extracted at : artifacts/data_ingestion/unziped_data]
[2025-12-15 23:09:45,756 : INFO  : main : >>>>>> Stage Data Ingestion Stage completed <<<<<<

]
[2025-12-15 23:09:45,756 : INFO  : main : >>>>>> stageModel validation Stage started <<<<<]
[2025-12-15 23:11:25,474 : INFO  : main : >>>>>> Stage Data Ingestion Stage started <<<<<<]
[2025-12-15 23:11:25,475 : INFO  : common : yaml file: config/config.yaml loaded successfully]
[2025-12-15 23:11:25,476 : INFO  : common : yaml file: params.yaml loaded successfully]
[2025-12-15 23:11:25,477 : INFO  : common : yaml file: schema.yaml loaded successfully]
[2025-12-15 23:11:25,477 : INFO  : common : created directory at: artifacts]
[2025-12-15 23:11:25,477 : INFO  : common : created directory at: artifacts/data_ingestion]
[2025-12-15 23:11:25,478 : INFO  : data_ingestion : File already exists of path: artifacts/data_ingestion/data.zip]
[2025-12-15 23:11:25,479 : INFO  : data_ingestion : File extracted at : artifacts/data_ingestion/unziped_data]
[2025-12-15 23:11:25,479 : INFO  : main : >>>>>> Stage Data Ingestion Stage completed <<<<<<

]
[2025-12-15 23:11:25,479 : INFO  : main : >>>>>> stageModel validation Stage started <<<<<]
[2025-12-15 23:14:26,183 : INFO  : main : >>>>>> Stage Data Ingestion Stage started <<<<<<]
[2025-12-15 23:14:26,185 : INFO  : common : yaml file: config/config.yaml loaded successfully]
[2025-12-15 23:14:26,186 : INFO  : common : yaml file: params.yaml loaded successfully]
[2025-12-15 23:14:26,187 : INFO  : common : yaml file: schema.yaml loaded successfully]
[2025-12-15 23:14:26,188 : INFO  : common : created directory at: artifacts]
[2025-12-15 23:14:26,188 : INFO  : common : created directory at: artifacts/data_ingestion]
[2025-12-15 23:14:26,188 : INFO  : data_ingestion : File already exists of path: artifacts/data_ingestion/data.zip]
[2025-12-15 23:14:26,190 : INFO  : data_ingestion : File extracted at : artifacts/data_ingestion/unziped_data]
[2025-12-15 23:14:26,190 : INFO  : main : >>>>>> Stage Data Ingestion Stage completed <<<<<<

]
[2025-12-15 23:14:26,190 : INFO  : main : >>>>>> stage Data Validation stage started <<<<<<]
[2025-12-15 23:14:26,191 : INFO  : common : yaml file: config/config.yaml loaded successfully]
[2025-12-15 23:14:26,191 : INFO  : common : yaml file: params.yaml loaded successfully]
[2025-12-15 23:14:26,192 : INFO  : common : yaml file: schema.yaml loaded successfully]
[2025-12-15 23:14:26,192 : INFO  : common : created directory at: artifacts]
[2025-12-15 23:14:26,192 : ERROR  : main : 'ConfigurationManager' object has no attribute 'schema']
Traceback (most recent call last):
  File "/Users/adarshkumar/Projects/Datasci/DataScience_project/main.py", line 23, in <module>
    data_ingestion.initiate_data_validation()
  File "/Users/adarshkumar/Projects/Datasci/DataScience_project/src/datascience/pipeline/data_validation_pipeline.py", line 13, in initiate_data_validation
    data_validation_config = config.get_data_validation_config()
  File "/Users/adarshkumar/Projects/Datasci/DataScience_project/src/datascience/config/configuration.py", line 37, in get_data_validation_config
    schema = self.schema.COLUMNS
AttributeError: 'ConfigurationManager' object has no attribute 'schema'
[2025-12-15 23:15:50,067 : INFO  : main : >>>>>> Stage Data Ingestion Stage started <<<<<<]
[2025-12-15 23:15:50,068 : INFO  : common : yaml file: config/config.yaml loaded successfully]
[2025-12-15 23:15:50,069 : INFO  : common : yaml file: params.yaml loaded successfully]
[2025-12-15 23:15:50,070 : INFO  : common : yaml file: schema.yaml loaded successfully]
[2025-12-15 23:15:50,070 : INFO  : common : created directory at: artifacts]
[2025-12-15 23:15:50,070 : INFO  : common : created directory at: artifacts/data_ingestion]
[2025-12-15 23:15:50,070 : INFO  : data_ingestion : File already exists of path: artifacts/data_ingestion/data.zip]
[2025-12-15 23:15:50,072 : INFO  : data_ingestion : File extracted at : artifacts/data_ingestion/unziped_data]
[2025-12-15 23:15:50,072 : INFO  : main : >>>>>> Stage Data Ingestion Stage completed <<<<<<

]
[2025-12-15 23:15:50,072 : INFO  : main : >>>>>> stage Data Validation stage started <<<<<<]
[2025-12-15 23:15:50,073 : INFO  : common : yaml file: config/config.yaml loaded successfully]
[2025-12-15 23:15:50,074 : INFO  : common : yaml file: params.yaml loaded successfully]
[2025-12-15 23:15:50,075 : INFO  : common : yaml file: schema.yaml loaded successfully]
[2025-12-15 23:15:50,075 : INFO  : common : created directory at: artifacts]
[2025-12-15 23:15:50,075 : ERROR  : main : 'ConfigurationManager' object has no attribute 'schema']
Traceback (most recent call last):
  File "/Users/adarshkumar/Projects/Datasci/DataScience_project/main.py", line 23, in <module>
    data_ingestion.initiate_data_validation()
  File "/Users/adarshkumar/Projects/Datasci/DataScience_project/src/datascience/pipeline/data_validation_pipeline.py", line 13, in initiate_data_validation
    data_validation_config = config.get_data_validation_config()
  File "/Users/adarshkumar/Projects/Datasci/DataScience_project/src/datascience/config/configuration.py", line 37, in get_data_validation_config
    schema = self.schema.COLUMNS
AttributeError: 'ConfigurationManager' object has no attribute 'schema'
[2025-12-15 23:17:18,244 : INFO  : main : >>>>>> Stage Data Ingestion Stage started <<<<<<]
[2025-12-15 23:17:18,245 : INFO  : common : yaml file: config/config.yaml loaded successfully]
[2025-12-15 23:17:18,246 : INFO  : common : yaml file: params.yaml loaded successfully]
[2025-12-15 23:17:18,247 : INFO  : common : yaml file: schema.yaml loaded successfully]
[2025-12-15 23:17:18,247 : INFO  : common : created directory at: artifacts]
[2025-12-15 23:17:18,247 : INFO  : common : created directory at: artifacts/data_ingestion]
[2025-12-15 23:17:18,247 : INFO  : data_ingestion : File already exists of path: artifacts/data_ingestion/data.zip]
[2025-12-15 23:17:18,249 : INFO  : data_ingestion : File extracted at : artifacts/data_ingestion/unziped_data]
[2025-12-15 23:17:18,249 : INFO  : main : >>>>>> Stage Data Ingestion Stage completed <<<<<<

]
[2025-12-15 23:17:18,249 : INFO  : main : >>>>>> stage Data Validation stage started <<<<<<]
[2025-12-15 23:17:18,250 : INFO  : common : yaml file: config/config.yaml loaded successfully]
[2025-12-15 23:17:18,250 : INFO  : common : yaml file: params.yaml loaded successfully]
[2025-12-15 23:17:18,251 : INFO  : common : yaml file: schema.yaml loaded successfully]
[2025-12-15 23:17:18,251 : INFO  : common : created directory at: artifacts]
[2025-12-15 23:17:18,252 : INFO  : common : created directory at: artifacts/data_validation]
[2025-12-15 23:17:18,257 : INFO  : main : >>>>>> stage Data Validation stage completed <<<<<<

x==========x]
